Connecting to database specified by database.yml
  [1m[36m (0.6ms)[0m  [1mselect sqlite_version(*)[0m
  [1m[35m (1.2ms)[0m  CREATE TABLE "schema_migrations" ("version" varchar(255) NOT NULL) 
  [1m[36m (1.2ms)[0m  [1mCREATE UNIQUE INDEX "unique_schema_migrations" ON "schema_migrations" ("version")[0m
  [1m[35m (0.1ms)[0m  SELECT "schema_migrations"."version" FROM "schema_migrations" 
Migrating to CreateUsers (20120308032820)
  [1m[36m (0.0ms)[0m  [1mbegin transaction[0m
  [1m[35m (0.5ms)[0m  CREATE TABLE "users" ("id" INTEGER PRIMARY KEY AUTOINCREMENT NOT NULL, "name" varchar(255), "email" varchar(255), "created_at" datetime NOT NULL, "updated_at" datetime NOT NULL) 
  [1m[36m (0.2ms)[0m  [1mINSERT INTO "schema_migrations" ("version") VALUES ('20120308032820')[0m
  [1m[35m (0.8ms)[0m  commit transaction
Migrating to AddIndexToUsersEmail (20120308034224)
  [1m[36m (0.0ms)[0m  [1mbegin transaction[0m
  [1m[35m (0.3ms)[0m  CREATE UNIQUE INDEX "index_users_on_email" ON "users" ("email")
  [1m[36m (0.1ms)[0m  [1mINSERT INTO "schema_migrations" ("version") VALUES ('20120308034224')[0m
  [1m[35m (0.7ms)[0m  commit transaction
Migrating to AddPasswordDigestToUsers (20120308034454)
  [1m[36m (0.0ms)[0m  [1mbegin transaction[0m
  [1m[35m (0.9ms)[0m  ALTER TABLE "users" ADD "password_digest" varchar(255)
  [1m[36m (0.1ms)[0m  [1mINSERT INTO "schema_migrations" ("version") VALUES ('20120308034454')[0m
  [1m[35m (0.6ms)[0m  commit transaction
Migrating to AddRememberTokenToUsers (20120308054414)
  [1m[36m (0.0ms)[0m  [1mbegin transaction[0m
  [1m[35m (0.4ms)[0m  ALTER TABLE "users" ADD "remember_token" varchar(255)
  [1m[36m (0.2ms)[0m  [1mCREATE INDEX "index_users_on_remember_token" ON "users" ("remember_token")[0m
  [1m[35m (0.1ms)[0m  INSERT INTO "schema_migrations" ("version") VALUES ('20120308054414')
  [1m[36m (0.9ms)[0m  [1mcommit transaction[0m
Migrating to AddAdminToUsers (20120308193644)
  [1m[35m (0.0ms)[0m  begin transaction
  [1m[36m (0.4ms)[0m  [1mALTER TABLE "users" ADD "admin" boolean DEFAULT 'f'[0m
  [1m[35m (0.1ms)[0m  INSERT INTO "schema_migrations" ("version") VALUES ('20120308193644')
  [1m[36m (0.8ms)[0m  [1mcommit transaction[0m
Migrating to CreateMicroposts (20120308210452)
  [1m[35m (0.0ms)[0m  begin transaction
  [1m[36m (0.3ms)[0m  [1mCREATE TABLE "microposts" ("id" INTEGER PRIMARY KEY AUTOINCREMENT NOT NULL, "content" varchar(255), "user_id" integer, "created_at" datetime NOT NULL, "updated_at" datetime NOT NULL) [0m
  [1m[35m (0.2ms)[0m  CREATE INDEX "index_microposts_on_user_id_and_created_at" ON "microposts" ("user_id", "created_at")
  [1m[36m (0.1ms)[0m  [1mINSERT INTO "schema_migrations" ("version") VALUES ('20120308210452')[0m
  [1m[35m (0.9ms)[0m  commit transaction
Migrating to CreateRelationships (20120308215846)
  [1m[36m (0.0ms)[0m  [1mbegin transaction[0m
  [1m[35m (0.3ms)[0m  CREATE TABLE "relationships" ("id" INTEGER PRIMARY KEY AUTOINCREMENT NOT NULL, "follower_id" integer, "followed_id" integer, "created_at" datetime NOT NULL, "updated_at" datetime NOT NULL) 
  [1m[36m (0.1ms)[0m  [1mCREATE INDEX "index_relationships_on_follower_id" ON "relationships" ("follower_id")[0m
  [1m[35m (0.1ms)[0m  CREATE INDEX "index_relationships_on_followed_id" ON "relationships" ("followed_id")
  [1m[36m (0.3ms)[0m  [1mCREATE UNIQUE INDEX "index_relationships_on_follower_id_and_followed_id" ON "relationships" ("follower_id", "followed_id")[0m
  [1m[35m (0.1ms)[0m  INSERT INTO "schema_migrations" ("version") VALUES ('20120308215846')
  [1m[36m (0.7ms)[0m  [1mcommit transaction[0m
  [1m[35m (0.1ms)[0m  SELECT "schema_migrations"."version" FROM "schema_migrations" 


Started GET "/" for 127.0.0.1 at 2013-04-09 18:51:45 -0400
Connecting to database specified by database.yml
Processing by StaticPagesController#home as HTML
  [1m[36mUser Load (0.1ms)[0m  [1mSELECT "users".* FROM "users" WHERE "users"."remember_token" = 'NNdKAu6KLk5TmQyaOqiqnQ' LIMIT 1[0m
  [1m[35mCACHE (0.0ms)[0m  SELECT "users".* FROM "users" WHERE "users"."remember_token" = 'NNdKAu6KLk5TmQyaOqiqnQ' LIMIT 1
  Rendered static_pages/home.html.erb within layouts/application (4.4ms)
Compiled custom.css  (2777ms)  (pid 59113)
Compiled sessions.css  (1ms)  (pid 59113)
Compiled static_pages.css  (1ms)  (pid 59113)
Compiled users.css  (1ms)  (pid 59113)
Compiled application.css  (2856ms)  (pid 59113)
Compiled jquery.js  (3ms)  (pid 59113)
Compiled jquery_ujs.js  (0ms)  (pid 59113)
Compiled bootstrap-transition.js  (0ms)  (pid 59113)
Compiled bootstrap-affix.js  (0ms)  (pid 59113)
Compiled bootstrap-alert.js  (0ms)  (pid 59113)
Compiled bootstrap-button.js  (0ms)  (pid 59113)
Compiled bootstrap-carousel.js  (0ms)  (pid 59113)
Compiled bootstrap-collapse.js  (0ms)  (pid 59113)
Compiled bootstrap-dropdown.js  (0ms)  (pid 59113)
Compiled bootstrap-modal.js  (0ms)  (pid 59113)
Compiled bootstrap-scrollspy.js  (0ms)  (pid 59113)
Compiled bootstrap-tab.js  (0ms)  (pid 59113)
Compiled bootstrap-tooltip.js  (0ms)  (pid 59113)
Compiled bootstrap-popover.js  (0ms)  (pid 59113)
Compiled bootstrap-typeahead.js  (0ms)  (pid 59113)
Compiled bootstrap.js  (218ms)  (pid 59113)
Compiled sessions.js  (175ms)  (pid 59113)
Compiled static_pages.js  (98ms)  (pid 59113)
Compiled users.js  (97ms)  (pid 59113)
Compiled application.js  (699ms)  (pid 59113)
  Rendered layouts/_shim.html.erb (0.4ms)
  [1m[36mCACHE (0.0ms)[0m  [1mSELECT "users".* FROM "users" WHERE "users"."remember_token" = 'NNdKAu6KLk5TmQyaOqiqnQ' LIMIT 1[0m
  Rendered layouts/_header.html.erb (3.0ms)
  Rendered layouts/_footer.html.erb (1.0ms)
Completed 200 OK in 3805ms (Views: 3772.5ms | ActiveRecord: 2.4ms)


Started GET "/" for 127.0.0.1 at 2013-04-09 18:51:49 -0400
Processing by StaticPagesController#home as HTML
  [1m[35mUser Load (0.2ms)[0m  SELECT "users".* FROM "users" WHERE "users"."remember_token" = 'NNdKAu6KLk5TmQyaOqiqnQ' LIMIT 1
  [1m[36mCACHE (0.0ms)[0m  [1mSELECT "users".* FROM "users" WHERE "users"."remember_token" = 'NNdKAu6KLk5TmQyaOqiqnQ' LIMIT 1[0m
  Rendered static_pages/home.html.erb within layouts/application (1.2ms)
  Rendered layouts/_shim.html.erb (0.0ms)
  [1m[35mCACHE (0.0ms)[0m  SELECT "users".* FROM "users" WHERE "users"."remember_token" = 'NNdKAu6KLk5TmQyaOqiqnQ' LIMIT 1
  Rendered layouts/_header.html.erb (1.4ms)
  Rendered layouts/_footer.html.erb (0.4ms)
Completed 200 OK in 23ms (Views: 21.4ms | ActiveRecord: 0.2ms)


Started GET "/assets/custom.css?body=1" for 127.0.0.1 at 2013-04-09 18:51:49 -0400
Served asset /custom.css - 200 OK (68ms)


Started GET "/assets/static_pages.css?body=1" for 127.0.0.1 at 2013-04-09 18:51:49 -0400
Served asset /static_pages.css - 304 Not Modified (2ms)


Started GET "/assets/sessions.css?body=1" for 127.0.0.1 at 2013-04-09 18:51:49 -0400
Served asset /sessions.css - 304 Not Modified (4ms)


Started GET "/assets/users.css?body=1" for 127.0.0.1 at 2013-04-09 18:51:49 -0400
Served asset /users.css - 304 Not Modified (1ms)


Started GET "/assets/jquery.js?body=1" for 127.0.0.1 at 2013-04-09 18:51:49 -0400
Served asset /jquery.js - 200 OK (5ms)


Started GET "/assets/jquery_ujs.js?body=1" for 127.0.0.1 at 2013-04-09 18:51:49 -0400
Served asset /jquery_ujs.js - 200 OK (3ms)


Started GET "/assets/bootstrap-transition.js?body=1" for 127.0.0.1 at 2013-04-09 18:51:49 -0400
Served asset /bootstrap-transition.js - 200 OK (4ms)


Started GET "/assets/bootstrap-affix.js?body=1" for 127.0.0.1 at 2013-04-09 18:51:49 -0400
Served asset /bootstrap-affix.js - 200 OK (2ms)


Started GET "/assets/bootstrap-alert.js?body=1" for 127.0.0.1 at 2013-04-09 18:51:49 -0400
Served asset /bootstrap-alert.js - 200 OK (3ms)


Started GET "/assets/bootstrap-button.js?body=1" for 127.0.0.1 at 2013-04-09 18:51:49 -0400
Served asset /bootstrap-button.js - 200 OK (3ms)


Started GET "/assets/bootstrap-carousel.js?body=1" for 127.0.0.1 at 2013-04-09 18:51:49 -0400
Served asset /bootstrap-carousel.js - 200 OK (5ms)


Started GET "/assets/bootstrap-collapse.js?body=1" for 127.0.0.1 at 2013-04-09 18:51:49 -0400
Served asset /bootstrap-collapse.js - 200 OK (5ms)


Started GET "/assets/bootstrap-dropdown.js?body=1" for 127.0.0.1 at 2013-04-09 18:51:49 -0400
Served asset /bootstrap-dropdown.js - 200 OK (2ms)


Started GET "/assets/bootstrap-modal.js?body=1" for 127.0.0.1 at 2013-04-09 18:51:49 -0400
Served asset /bootstrap-modal.js - 200 OK (2ms)


Started GET "/assets/bootstrap-scrollspy.js?body=1" for 127.0.0.1 at 2013-04-09 18:51:49 -0400
Served asset /bootstrap-scrollspy.js - 200 OK (2ms)


Started GET "/assets/bootstrap-tab.js?body=1" for 127.0.0.1 at 2013-04-09 18:51:49 -0400
Served asset /bootstrap-tab.js - 200 OK (2ms)


Started GET "/assets/bootstrap-tooltip.js?body=1" for 127.0.0.1 at 2013-04-09 18:51:49 -0400
Served asset /bootstrap-tooltip.js - 200 OK (5ms)


Started GET "/assets/bootstrap-popover.js?body=1" for 127.0.0.1 at 2013-04-09 18:51:49 -0400
Served asset /bootstrap-popover.js - 200 OK (3ms)


Started GET "/assets/bootstrap-typeahead.js?body=1" for 127.0.0.1 at 2013-04-09 18:51:49 -0400
Served asset /bootstrap-typeahead.js - 200 OK (4ms)


Started GET "/assets/bootstrap.js?body=1" for 127.0.0.1 at 2013-04-09 18:51:49 -0400
Served asset /bootstrap.js - 304 Not Modified (15ms)


Started GET "/assets/sessions.js?body=1" for 127.0.0.1 at 2013-04-09 18:51:49 -0400
Served asset /sessions.js - 304 Not Modified (1ms)


Started GET "/assets/static_pages.js?body=1" for 127.0.0.1 at 2013-04-09 18:51:49 -0400
Served asset /static_pages.js - 304 Not Modified (1ms)


Started GET "/assets/users.js?body=1" for 127.0.0.1 at 2013-04-09 18:51:49 -0400
Served asset /users.js - 304 Not Modified (2ms)


Started GET "/assets/rails.png" for 127.0.0.1 at 2013-04-09 18:51:49 -0400
Served asset /rails.png - 200 OK (6ms)
