Connecting to database specified by database.yml
Compiled jquery.js  (2ms)  (pid 91348)
Compiled jquery_ujs.js  (0ms)  (pid 91348)
Compiled bootstrap-transition.js  (0ms)  (pid 91348)
Compiled bootstrap-affix.js  (0ms)  (pid 91348)
Compiled bootstrap-alert.js  (0ms)  (pid 91348)
Compiled bootstrap-button.js  (0ms)  (pid 91348)
Compiled bootstrap-carousel.js  (0ms)  (pid 91348)
Compiled bootstrap-collapse.js  (0ms)  (pid 91348)
Compiled bootstrap-dropdown.js  (0ms)  (pid 91348)
Compiled bootstrap-modal.js  (0ms)  (pid 91348)
Compiled bootstrap-scrollspy.js  (0ms)  (pid 91348)
Compiled bootstrap-tab.js  (0ms)  (pid 91348)
Compiled bootstrap-tooltip.js  (0ms)  (pid 91348)
Compiled bootstrap-popover.js  (0ms)  (pid 91348)
Compiled bootstrap-typeahead.js  (0ms)  (pid 91348)
Compiled bootstrap.js  (168ms)  (pid 91348)
Compiled character_count.js  (0ms)  (pid 91348)
Compiled final_tweets.js  (222ms)  (pid 91348)
Compiled ip_addresses.js  (110ms)  (pid 91348)
Compiled sessions.js  (113ms)  (pid 91348)
Compiled static_pages.js  (112ms)  (pid 91348)
Compiled tweets.js  (108ms)  (pid 91348)
Compiled users.js  (113ms)  (pid 91348)
Compiled application.js  (1106ms)  (pid 91348)
Compiled custom.css  (2225ms)  (pid 91348)
Compiled final_tweets.css  (2ms)  (pid 91348)
Compiled font-awesome-ie7.min.css  (0ms)  (pid 91348)
Compiled font-awesome.css  (263ms)  (pid 91348)
Compiled font-awesome.min.css  (0ms)  (pid 91348)
Compiled ip_addresses.css  (1ms)  (pid 91348)
Compiled sessions.css  (1ms)  (pid 91348)
Compiled static_pages.css  (1ms)  (pid 91348)
Compiled tweets.css  (1ms)  (pid 91348)
Compiled users.css  (1ms)  (pid 91348)
Compiled application.css  (2550ms)  (pid 91348)
Connecting to database specified by database.yml
Compiled jquery.js  (2ms)  (pid 92147)
Compiled jquery_ujs.js  (0ms)  (pid 92147)
Compiled bootstrap-transition.js  (0ms)  (pid 92147)
Compiled bootstrap-affix.js  (0ms)  (pid 92147)
Compiled bootstrap-alert.js  (0ms)  (pid 92147)
Compiled bootstrap-button.js  (0ms)  (pid 92147)
Compiled bootstrap-carousel.js  (0ms)  (pid 92147)
Compiled bootstrap-collapse.js  (0ms)  (pid 92147)
Compiled bootstrap-dropdown.js  (0ms)  (pid 92147)
Compiled bootstrap-modal.js  (0ms)  (pid 92147)
Compiled bootstrap-scrollspy.js  (0ms)  (pid 92147)
Compiled bootstrap-tab.js  (0ms)  (pid 92147)
Compiled bootstrap-tooltip.js  (0ms)  (pid 92147)
Compiled bootstrap-popover.js  (0ms)  (pid 92147)
Compiled bootstrap-typeahead.js  (0ms)  (pid 92147)
Compiled bootstrap.js  (165ms)  (pid 92147)
Compiled character_count.js  (0ms)  (pid 92147)
Compiled final_tweets.js  (117ms)  (pid 92147)
Compiled ip_addresses.js  (125ms)  (pid 92147)
Compiled sessions.js  (125ms)  (pid 92147)
Compiled static_pages.js  (118ms)  (pid 92147)
Compiled tweets.js  (109ms)  (pid 92147)
Compiled users.js  (115ms)  (pid 92147)
Compiled application.js  (1034ms)  (pid 92147)
Compiled custom.css  (2310ms)  (pid 92147)
Compiled final_tweets.css  (2ms)  (pid 92147)
Compiled font-awesome-ie7.min.css  (0ms)  (pid 92147)
Compiled font-awesome.css  (265ms)  (pid 92147)
Compiled font-awesome.min.css  (0ms)  (pid 92147)
Compiled ip_addresses.css  (1ms)  (pid 92147)
Compiled sessions.css  (1ms)  (pid 92147)
Compiled static_pages.css  (1ms)  (pid 92147)
Compiled tweets.css  (1ms)  (pid 92147)
Compiled users.css  (1ms)  (pid 92147)
Compiled application.css  (2635ms)  (pid 92147)
Connecting to database specified by database.yml
Compiled jquery.js  (2ms)  (pid 94000)
Compiled jquery_ujs.js  (0ms)  (pid 94000)
Compiled bootstrap-transition.js  (0ms)  (pid 94000)
Compiled bootstrap-affix.js  (0ms)  (pid 94000)
Compiled bootstrap-alert.js  (0ms)  (pid 94000)
Compiled bootstrap-button.js  (0ms)  (pid 94000)
Compiled bootstrap-carousel.js  (0ms)  (pid 94000)
Compiled bootstrap-collapse.js  (0ms)  (pid 94000)
Compiled bootstrap-dropdown.js  (0ms)  (pid 94000)
Compiled bootstrap-modal.js  (0ms)  (pid 94000)
Compiled bootstrap-scrollspy.js  (0ms)  (pid 94000)
Compiled bootstrap-tab.js  (0ms)  (pid 94000)
Compiled bootstrap-tooltip.js  (0ms)  (pid 94000)
Compiled bootstrap-popover.js  (0ms)  (pid 94000)
Compiled bootstrap-typeahead.js  (0ms)  (pid 94000)
Compiled bootstrap.js  (170ms)  (pid 94000)
Compiled character_count.js  (0ms)  (pid 94000)
Compiled final_tweets.js  (116ms)  (pid 94000)
Compiled ip_addresses.js  (124ms)  (pid 94000)
Compiled sessions.js  (116ms)  (pid 94000)
Compiled static_pages.js  (119ms)  (pid 94000)
Compiled tweets.js  (112ms)  (pid 94000)
Compiled users.js  (116ms)  (pid 94000)
Compiled application.js  (1039ms)  (pid 94000)
Compiled custom.css  (2278ms)  (pid 94000)
Compiled final_tweets.css  (2ms)  (pid 94000)
Compiled ip_addresses.css  (1ms)  (pid 94000)
Compiled sessions.css  (1ms)  (pid 94000)
Compiled static_pages.css  (1ms)  (pid 94000)
Compiled tweets.css  (1ms)  (pid 94000)
Compiled users.css  (1ms)  (pid 94000)
Compiled application.css  (2323ms)  (pid 94000)
Connecting to database specified by database.yml
Compiled jquery.js  (2ms)  (pid 94000)
Compiled jquery_ujs.js  (0ms)  (pid 94000)
Compiled bootstrap-transition.js  (0ms)  (pid 94000)
Compiled bootstrap-affix.js  (0ms)  (pid 94000)
Compiled bootstrap-alert.js  (0ms)  (pid 94000)
Compiled bootstrap-button.js  (0ms)  (pid 94000)
Compiled bootstrap-carousel.js  (0ms)  (pid 94000)
Compiled bootstrap-collapse.js  (0ms)  (pid 94000)
Compiled bootstrap-dropdown.js  (0ms)  (pid 94000)
Compiled bootstrap-modal.js  (0ms)  (pid 94000)
Compiled bootstrap-scrollspy.js  (0ms)  (pid 94000)
Compiled bootstrap-tab.js  (0ms)  (pid 94000)
Compiled bootstrap-tooltip.js  (0ms)  (pid 94000)
Compiled bootstrap-popover.js  (0ms)  (pid 94000)
Compiled bootstrap-typeahead.js  (0ms)  (pid 94000)
Compiled bootstrap.js  (134ms)  (pid 94000)
Compiled character_count.js  (0ms)  (pid 94000)
Compiled final_tweets.js  (129ms)  (pid 94000)
Compiled ip_addresses.js  (118ms)  (pid 94000)
Compiled sessions.js  (113ms)  (pid 94000)
Compiled static_pages.js  (166ms)  (pid 94000)
Compiled tweets.js  (107ms)  (pid 94000)
Compiled users.js  (112ms)  (pid 94000)
Compiled application.js  (1033ms)  (pid 94000)
Compiled custom.css  (2349ms)  (pid 94000)
Compiled final_tweets.css  (2ms)  (pid 94000)
Compiled ip_addresses.css  (1ms)  (pid 94000)
Compiled sessions.css  (1ms)  (pid 94000)
Compiled static_pages.css  (1ms)  (pid 94000)
Compiled tweets.css  (1ms)  (pid 94000)
Compiled users.css  (1ms)  (pid 94000)
Compiled application.css  (2450ms)  (pid 94000)
Connecting to database specified by database.yml
Compiled jquery.js  (2ms)  (pid 94185)
Compiled jquery_ujs.js  (0ms)  (pid 94185)
Compiled bootstrap-transition.js  (0ms)  (pid 94185)
Compiled bootstrap-affix.js  (0ms)  (pid 94185)
Compiled bootstrap-alert.js  (0ms)  (pid 94185)
Compiled bootstrap-button.js  (0ms)  (pid 94185)
Compiled bootstrap-carousel.js  (0ms)  (pid 94185)
Compiled bootstrap-collapse.js  (0ms)  (pid 94185)
Compiled bootstrap-dropdown.js  (0ms)  (pid 94185)
Compiled bootstrap-modal.js  (0ms)  (pid 94185)
Compiled bootstrap-scrollspy.js  (0ms)  (pid 94185)
Compiled bootstrap-tab.js  (0ms)  (pid 94185)
Compiled bootstrap-tooltip.js  (0ms)  (pid 94185)
Compiled bootstrap-popover.js  (0ms)  (pid 94185)
Compiled bootstrap-typeahead.js  (36ms)  (pid 94185)
Compiled bootstrap.js  (159ms)  (pid 94185)
Compiled character_count.js  (0ms)  (pid 94185)
Compiled final_tweets.js  (115ms)  (pid 94185)
Compiled ip_addresses.js  (124ms)  (pid 94185)
Compiled sessions.js  (167ms)  (pid 94185)
Compiled static_pages.js  (108ms)  (pid 94185)
Compiled tweets.js  (111ms)  (pid 94185)
Compiled users.js  (111ms)  (pid 94185)
Compiled application.js  (1006ms)  (pid 94185)
Compiled custom.css  (2574ms)  (pid 94185)
Compiled final_tweets.css  (3ms)  (pid 94185)
Compiled ip_addresses.css  (1ms)  (pid 94185)
Compiled sessions.css  (1ms)  (pid 94185)
Compiled static_pages.css  (2ms)  (pid 94185)
Compiled tweets.css  (1ms)  (pid 94185)
Compiled users.css  (1ms)  (pid 94185)
Compiled application.css  (2640ms)  (pid 94185)
Connecting to database specified by database.yml
Compiled jquery.js  (2ms)  (pid 94185)
Compiled jquery_ujs.js  (0ms)  (pid 94185)
Compiled bootstrap-transition.js  (0ms)  (pid 94185)
Compiled bootstrap-affix.js  (0ms)  (pid 94185)
Compiled bootstrap-alert.js  (0ms)  (pid 94185)
Compiled bootstrap-button.js  (0ms)  (pid 94185)
Compiled bootstrap-carousel.js  (0ms)  (pid 94185)
Compiled bootstrap-collapse.js  (0ms)  (pid 94185)
Compiled bootstrap-dropdown.js  (0ms)  (pid 94185)
Compiled bootstrap-modal.js  (0ms)  (pid 94185)
Compiled bootstrap-scrollspy.js  (0ms)  (pid 94185)
Compiled bootstrap-tab.js  (0ms)  (pid 94185)
Compiled bootstrap-tooltip.js  (0ms)  (pid 94185)
Compiled bootstrap-popover.js  (0ms)  (pid 94185)
Compiled bootstrap-typeahead.js  (0ms)  (pid 94185)
Compiled bootstrap.js  (138ms)  (pid 94185)
Compiled character_count.js  (0ms)  (pid 94185)
Compiled final_tweets.js  (156ms)  (pid 94185)
Compiled ip_addresses.js  (123ms)  (pid 94185)
Compiled sessions.js  (140ms)  (pid 94185)
Compiled static_pages.js  (108ms)  (pid 94185)
Compiled tweets.js  (114ms)  (pid 94185)
Compiled users.js  (108ms)  (pid 94185)
Compiled application.js  (1051ms)  (pid 94185)
Compiled custom.css  (2273ms)  (pid 94185)
Compiled final_tweets.css  (2ms)  (pid 94185)
Compiled ip_addresses.css  (1ms)  (pid 94185)
Compiled sessions.css  (1ms)  (pid 94185)
Compiled static_pages.css  (1ms)  (pid 94185)
Compiled tweets.css  (1ms)  (pid 94185)
Compiled users.css  (1ms)  (pid 94185)
Compiled application.css  (2318ms)  (pid 94185)
Connecting to database specified by database.yml
Connecting to database specified by database.yml
Connecting to database specified by database.yml
Connecting to database specified by database.yml
